<?xml version="1.0" encoding="UTF-8"?>
<!-- Generated by org.testng.reporters.JUnitXMLReporter -->
<testsuite hostname="dede-PC" name="CalculatorTest" tests="4" failures="0" timestamp="25 Mar 2016 20:12:36 GMT" time="136.813" errors="0">
  <testcase name="testAddition" time="9.523" classname="com.EveryoneCounts.TC_Calculator"/>
  <testcase name="testDivision" time="2.632" classname="com.EveryoneCounts.TC_Calculator"/>
  <testcase name="testMultipication" time="5.739" classname="com.EveryoneCounts.TC_Calculator"/>
  <testcase name="testSubtraction" time="6.385" classname="com.EveryoneCounts.TC_Calculator"/>
</testsuite> <!-- CalculatorTest -->
