<?xml version="1.0" encoding="UTF-8"?>
<testng-results skipped="0" failed="0" total="4" passed="4">
  <reporter-output>
  </reporter-output>
  <suite name="CalculatorTestSuite" duration-ms="136813" started-at="2016-03-25T20:10:19Z" finished-at="2016-03-25T20:12:36Z">
    <groups>
    </groups>
    <test name="CalculatorTest" duration-ms="136813" started-at="2016-03-25T20:10:19Z" finished-at="2016-03-25T20:12:36Z">
      <class name="com.EveryoneCounts.TC_Calculator">
        <test-method status="PASS" signature="BeforeClass()[pri:0, instance:com.EveryoneCounts.TC_Calculator@dbc5d3]" name="BeforeClass" is-config="true" duration-ms="42" started-at="2016-03-25T13:10:19Z" finished-at="2016-03-25T13:10:19Z">
          <reporter-output>
          </reporter-output>
        </test-method> <!-- BeforeClass -->
        <test-method status="PASS" signature="setUp()[pri:0, instance:com.EveryoneCounts.TC_Calculator@dbc5d3]" name="setUp" is-config="true" duration-ms="35518" started-at="2016-03-25T13:10:19Z" finished-at="2016-03-25T13:10:55Z">
          <reporter-output>
          </reporter-output>
        </test-method> <!-- setUp -->
        <test-method status="PASS" signature="testAddition()[pri:0, instance:com.EveryoneCounts.TC_Calculator@dbc5d3]" name="testAddition" duration-ms="9523" started-at="2016-03-25T13:10:55Z" finished-at="2016-03-25T13:11:04Z">
          <reporter-output>
          </reporter-output>
        </test-method> <!-- testAddition -->
        <test-method status="PASS" signature="tearDown()[pri:0, instance:com.EveryoneCounts.TC_Calculator@dbc5d3]" name="tearDown" is-config="true" duration-ms="3478" started-at="2016-03-25T13:11:04Z" finished-at="2016-03-25T13:11:08Z">
          <reporter-output>
          </reporter-output>
        </test-method> <!-- tearDown -->
        <test-method status="PASS" signature="setUp()[pri:0, instance:com.EveryoneCounts.TC_Calculator@dbc5d3]" name="setUp" is-config="true" duration-ms="23199" started-at="2016-03-25T13:11:08Z" finished-at="2016-03-25T13:11:31Z">
          <reporter-output>
          </reporter-output>
        </test-method> <!-- setUp -->
        <test-method status="PASS" signature="testDivision()[pri:0, instance:com.EveryoneCounts.TC_Calculator@dbc5d3]" name="testDivision" duration-ms="2632" started-at="2016-03-25T13:11:31Z" finished-at="2016-03-25T13:11:34Z">
          <reporter-output>
          </reporter-output>
        </test-method> <!-- testDivision -->
        <test-method status="PASS" signature="tearDown()[pri:0, instance:com.EveryoneCounts.TC_Calculator@dbc5d3]" name="tearDown" is-config="true" duration-ms="2108" started-at="2016-03-25T13:11:34Z" finished-at="2016-03-25T13:11:36Z">
          <reporter-output>
          </reporter-output>
        </test-method> <!-- tearDown -->
        <test-method status="PASS" signature="setUp()[pri:0, instance:com.EveryoneCounts.TC_Calculator@dbc5d3]" name="setUp" is-config="true" duration-ms="23579" started-at="2016-03-25T13:11:36Z" finished-at="2016-03-25T13:11:59Z">
          <reporter-output>
          </reporter-output>
        </test-method> <!-- setUp -->
        <test-method status="PASS" signature="testMultipication()[pri:0, instance:com.EveryoneCounts.TC_Calculator@dbc5d3]" name="testMultipication" duration-ms="5739" started-at="2016-03-25T13:11:59Z" finished-at="2016-03-25T13:12:05Z">
          <reporter-output>
          </reporter-output>
        </test-method> <!-- testMultipication -->
        <test-method status="PASS" signature="tearDown()[pri:0, instance:com.EveryoneCounts.TC_Calculator@dbc5d3]" name="tearDown" is-config="true" duration-ms="1786" started-at="2016-03-25T13:12:05Z" finished-at="2016-03-25T13:12:07Z">
          <reporter-output>
          </reporter-output>
        </test-method> <!-- tearDown -->
        <test-method status="PASS" signature="setUp()[pri:0, instance:com.EveryoneCounts.TC_Calculator@dbc5d3]" name="setUp" is-config="true" duration-ms="20706" started-at="2016-03-25T13:12:07Z" finished-at="2016-03-25T13:12:28Z">
          <reporter-output>
          </reporter-output>
        </test-method> <!-- setUp -->
        <test-method status="PASS" signature="testSubtraction()[pri:0, instance:com.EveryoneCounts.TC_Calculator@dbc5d3]" name="testSubtraction" duration-ms="6385" started-at="2016-03-25T13:12:28Z" finished-at="2016-03-25T13:12:34Z">
          <reporter-output>
          </reporter-output>
        </test-method> <!-- testSubtraction -->
        <test-method status="PASS" signature="tearDown()[pri:0, instance:com.EveryoneCounts.TC_Calculator@dbc5d3]" name="tearDown" is-config="true" duration-ms="2002" started-at="2016-03-25T13:12:34Z" finished-at="2016-03-25T13:12:36Z">
          <reporter-output>
          </reporter-output>
        </test-method> <!-- tearDown -->
        <test-method status="PASS" signature="afterClass()[pri:0, instance:com.EveryoneCounts.TC_Calculator@dbc5d3]" name="afterClass" is-config="true" duration-ms="1" started-at="2016-03-25T13:12:36Z" finished-at="2016-03-25T13:12:36Z">
          <reporter-output>
          </reporter-output>
        </test-method> <!-- afterClass -->
        <test-method status="PASS" signature="afterTest()[pri:0, instance:com.EveryoneCounts.TC_Calculator@dbc5d3]" name="afterTest" is-config="true" duration-ms="1" started-at="2016-03-25T13:12:36Z" finished-at="2016-03-25T13:12:36Z">
          <reporter-output>
          </reporter-output>
        </test-method> <!-- afterTest -->
      </class> <!-- com.EveryoneCounts.TC_Calculator -->
    </test> <!-- CalculatorTest -->
  </suite> <!-- CalculatorTestSuite -->
</testng-results>
